/usr/bin/docker: Error response from daemon: network ece458-group-project_default not found.
ls: cannot access 'backup_2019-03-27': No such file or directory
internal/modules/cjs/loader.js:584
    throw err;
    ^

Error: Cannot find module '/home/vcm/ECE458-Group-Project/backup/js/index.js'
    at Function.Module._resolveFilename (internal/modules/cjs/loader.js:582:15)
    at Function.Module._load (internal/modules/cjs/loader.js:508:25)
    at Function.Module.runMain (internal/modules/cjs/loader.js:754:12)
    at startup (internal/bootstrap/node.js:283:19)
    at bootstrapNodeJSCore (internal/bootstrap/node.js:622:3)
Mongodump failed.
/usr/bin/docker: Error response from daemon: network ece458-group-project_default not found.
time="2019-03-27T02:01:02-04:00" level=error msg="error waiting for container: context canceled"
ls: cannot access 'backup_2019-03-27': No such file or directory
internal/modules/cjs/loader.js:584
    throw err;
    ^

Error: Cannot find module '/home/vcm/ECE458-Group-Project/backup/js/index.js'
    at Function.Module._resolveFilename (internal/modules/cjs/loader.js:582:15)
    at Function.Module._load (internal/modules/cjs/loader.js:508:25)
    at Function.Module.runMain (internal/modules/cjs/loader.js:754:12)
    at startup (internal/bootstrap/node.js:283:19)
    at bootstrapNodeJSCore (internal/bootstrap/node.js:622:3)
Mongodump failed.
/usr/bin/docker: Error response from daemon: network ece458-group-project_default not found.
ls: cannot access 'backup_2019-03-27': No such file or directory
Email sent: 250 2.0.0 OK  1553666523 k125sm7211252ywb.26 - gsmtp
Mongodump failed.
2019-03-27T06:03:09.228+0000	Failed: error connecting to db server: no reachable servers
Email sent: 250 2.0.0 OK  1553666591 191sm4772267ywg.12 - gsmtp
Mongodump failed.
2019-03-27T06:04:07.512+0000	Failed: error connecting to db server: no reachable servers
Email sent: 250 2.0.0 OK  1553666650 x21sm493172ywj.68 - gsmtp
Mongodump failed.
2019-03-27T06:05:06.502+0000	Failed: error connecting to db server: no reachable servers
Email sent: 250 2.0.0 OK  1553666708 q1sm11023675ywe.14 - gsmtp
Mongodump failed.
